<?xml version="1.0" encoding="UTF-8"?>
<testsuite name="models.RestaurantTest" tests="1" skipped="0" failures="0" errors="0" timestamp="2020-10-30T12:41:32" hostname="moringa-ThinkPad-X250" time="0.011">
  <properties/>
  <testcase name="RestaurantInstantiatesCorrecly" classname="models.RestaurantTest" time="0.011"/>
  <system-out><![CDATA[]]></system-out>
  <system-err><![CDATA[]]></system-err>
</testsuite>
